{"C:\\Users\\LENOVO\\Documents\\1UDG\\8vo semestre\\Entornos de desarrollo de aplicaciones y servicios\\U1_act1.3_Lucero Gutierrez\\utils.js": {"path":"C:\\Users\\LENOVO\\Documents\\1UDG\\8vo semestre\\Entornos de desarrollo de aplicaciones y servicios\\U1_act1.3_Lucero Gutierrez\\utils.js","statementMap":{"0":{"start":{"line":2,"column":16},"end":{"line":2,"column":60}},"1":{"start":{"line":3,"column":2},"end":{"line":3,"column":23}},"2":{"start":{"line":5,"column":14},"end":{"line":5,"column":42}},"3":{"start":{"line":8,"column":19},"end":{"line":8,"column":47}},"4":{"start":{"line":9,"column":2},"end":{"line":9,"column":38}},"5":{"start":{"line":10,"column":2},"end":{"line":10,"column":28}},"6":{"start":{"line":13,"column":18},"end":{"line":13,"column":46}},"7":{"start":{"line":14,"column":14},"end":{"line":14,"column":43}},"8":{"start":{"line":15,"column":2},"end":{"line":15,"column":42}},"9":{"start":{"line":16,"column":2},"end":{"line":16,"column":25}},"10":{"start":{"line":17,"column":2},"end":{"line":17,"column":27}},"11":{"start":{"line":18,"column":2},"end":{"line":18,"column":27}},"12":{"start":{"line":21,"column":19},"end":{"line":21,"column":47}},"13":{"start":{"line":22,"column":2},"end":{"line":22,"column":72}},"14":{"start":{"line":22,"column":48},"end":{"line":22,"column":59}},"15":{"start":{"line":23,"column":2},"end":{"line":23,"column":28}},"16":{"start":{"line":25,"column":2},"end":{"line":25,"column":25}},"17":{"start":{"line":28,"column":0},"end":{"line":28,"column":34}}},"fnMap":{"0":{"name":"renderPokemon","decl":{"start":{"line":1,"column":9},"end":{"line":1,"column":22}},"loc":{"start":{"line":1,"column":32},"end":{"line":26,"column":1}},"line":1},"1":{"name":"(anonymous_1)","decl":{"start":{"line":22,"column":43},"end":{"line":22,"column":44}},"loc":{"start":{"line":22,"column":48},"end":{"line":22,"column":59}},"line":22}},"branchMap":{},"s":{"0":1,"1":1,"2":1,"3":1,"4":1,"5":1,"6":1,"7":1,"8":1,"9":1,"10":1,"11":1,"12":1,"13":1,"14":1,"15":1,"16":1,"17":1},"f":{"0":1,"1":1},"b":{},"_coverageSchema":"1a1c01bbd47fc00a2c39e90264f33305004495a9","hash":"5561e68fc78e4df8ee4652e9a2bf951716006118"}
}
